-- Expect password to go through since we haven't enabled the feature
CREATE ROLE testuser with password 'pass';
-- Test 'on' / 'off' / 'require'
ALTER SYSTEM SET bc.enable_password_check = 'off';
SELECT pg_reload_conf();
 pg_reload_conf 
----------------
 t
(1 row)

ALTER ROLE testuser with password 'pass';
ALTER SYSTEM SET bc.enable_password_check = 'on';
SELECT pg_reload_conf();
 pg_reload_conf 
----------------
 t
(1 row)

-- Do not expect an error
ALTER ROLE testuser with password 'pass';
CREATE EXTENSION uni_api;
-- Do not expect an error
ALTER ROLE testuser with password 'pass';
ALTER SYSTEM SET bc.enable_password_check = 'require';
SELECT pg_reload_conf();
 pg_reload_conf 
----------------
 t
(1 row)

-- Expect an error for require if no entries are present
ALTER ROLE testuser with password 'pass';
-- Insert a value into the feature table
CREATE OR REPLACE FUNCTION password_check_length_greater_than_8(username text, shadow_pass text, password_types bc.password_types, validuntil_time TimestampTz,validuntil_null boolean) RETURNS void AS
$$
BEGIN             
if length(shadow_pass) < 8 then
  RAISE EXCEPTION 'Passwords needs to be longer than 8';
end if;
END;                      
$$                                                
LANGUAGE PLPGSQL;
SELECT bc.bc_feature_info_sql_insert('password_check_length_greater_than_8', 'passcheck');
 bc_feature_info_sql_insert 
----------------------------
 
(1 row)

-- Expect failure since pass is shorter than 8
ALTER ROLE testuser with password 'pass';
ERROR:  Passwords needs to be longer than 8
CONTEXT:  PL/pgSQL function password_check_length_greater_than_8(text,text,bc.password_types,timestamp with time zone,boolean) line 4 at RAISE
SQL statement "select public.password_check_length_greater_than_8('testuser', 'pass', 'PASSWORD_TYPE_PLAINTEXT', null, true)"
ALTER ROLE testuser with password 'passwords';
CREATE OR REPLACE FUNCTION password_check_only_nums(username text, shadow_pass text, password_types bc.password_types, validuntil_time TimestampTz,validuntil_null boolean) RETURNS void AS
$$
DECLARE x NUMERIC;
BEGIN
x = shadow_pass::NUMERIC;

EXCEPTION WHEN others THEN
RAISE EXCEPTION 'Passwords can only have numbers';
END;
$$ 
LANGUAGE PLPGSQL;
SELECT bc.bc_feature_info_sql_insert('password_check_only_nums', 'passcheck');
 bc_feature_info_sql_insert 
----------------------------
 
(1 row)

-- Test both functions are called
ALTER ROLE testuser with password 'passwords';
ERROR:  Passwords can only have numbers
CONTEXT:  PL/pgSQL function password_check_only_nums(text,text,bc.password_types,timestamp with time zone,boolean) line 7 at RAISE
SQL statement "select public.password_check_only_nums('testuser', 'passwords', 'PASSWORD_TYPE_PLAINTEXT', null, true)"
ALTER ROLE testuser with password '123456789';
INSERT INTO bc.feature_info VALUES ('passcheck', '', 'password_check_only_nums', '');
-- Expect to fail cause no schema qualified function found
ALTER ROLE testuser with password '123456789';
ERROR:  Check entries in bc.feature_info table, schema and proname must be present
TRUNCATE bc.feature_info;
INSERT INTO bc.feature_info VALUES ('passcheck', 'public', 'test_foo;select foo()', '');
ALTER ROLE testuser with password '123456789';
ERROR:  passcheck feature does not support calling out to functions/schemas that contain ';'
HINT:  Check the bc.feature_info table does not contain ';' in it's entry.
